The system is: Linux - 2.6.32-754.2.1.el6.x86_64 - x86_64
Compiling the C compiler identification source file "CMakeCCompilerId.c" succeeded.
Compiler: /cvmfs/fermilab.opensciencegrid.org/products/larsoft/gcc/v6_3_0/Linux64bit+2.6-2.12/bin/gcc 
Build flags: 
Id flags: 

The output was:
0


Compilation of the C compiler identification source "CMakeCCompilerId.c" produced "a.out"

The C compiler identification is GNU, found in "/uboone/app/users/dcianci/DLLEESensitivity/whipping_star/CMakeFiles/CompilerIdC/a.out"

Compiling the CXX compiler identification source file "CMakeCXXCompilerId.cpp" succeeded.
Compiler: /cvmfs/fermilab.opensciencegrid.org/products/larsoft/gcc/v6_3_0/Linux64bit+2.6-2.12/bin/c++ 
Build flags: 
Id flags: 

The output was:
0


Compilation of the CXX compiler identification source "CMakeCXXCompilerId.cpp" produced "a.out"

The CXX compiler identification is GNU, found in "/uboone/app/users/dcianci/DLLEESensitivity/whipping_star/CMakeFiles/CompilerIdCXX/a.out"

Determining if the C compiler works passed with the following output:
Change Dir: /uboone/app/users/dcianci/DLLEESensitivity/whipping_star/CMakeFiles/CMakeTmp

Run Build Command:/usr/bin/gmake "cmTryCompileExec2827766408/fast"
/usr/bin/gmake -f CMakeFiles/cmTryCompileExec2827766408.dir/build.make CMakeFiles/cmTryCompileExec2827766408.dir/build
gmake[1]: Entering directory `/uboone/app/users/dcianci/DLLEESensitivity/whipping_star/CMakeFiles/CMakeTmp'
/cvmfs/fermilab.opensciencegrid.org/products/larsoft/cmake/v2_8_8/Linux64bit+2.6-2.12/bin/cmake -E cmake_progress_report /uboone/app/users/dcianci/DLLEESensitivity/whipping_star/CMakeFiles/CMakeTmp/CMakeFiles 1
Building C object CMakeFiles/cmTryCompileExec2827766408.dir/testCCompiler.c.o
/cvmfs/fermilab.opensciencegrid.org/products/larsoft/gcc/v6_3_0/Linux64bit+2.6-2.12/bin/gcc    -o CMakeFiles/cmTryCompileExec2827766408.dir/testCCompiler.c.o   -c /uboone/app/users/dcianci/DLLEESensitivity/whipping_star/CMakeFiles/CMakeTmp/testCCompiler.c
Linking C executable cmTryCompileExec2827766408
/cvmfs/fermilab.opensciencegrid.org/products/larsoft/cmake/v2_8_8/Linux64bit+2.6-2.12/bin/cmake -E cmake_link_script CMakeFiles/cmTryCompileExec2827766408.dir/link.txt --verbose=1
/cvmfs/fermilab.opensciencegrid.org/products/larsoft/gcc/v6_3_0/Linux64bit+2.6-2.12/bin/gcc         CMakeFiles/cmTryCompileExec2827766408.dir/testCCompiler.c.o  -o cmTryCompileExec2827766408 -rdynamic 
gmake[1]: Leaving directory `/uboone/app/users/dcianci/DLLEESensitivity/whipping_star/CMakeFiles/CMakeTmp'


Detecting C compiler ABI info compiled with the following output:
Change Dir: /uboone/app/users/dcianci/DLLEESensitivity/whipping_star/CMakeFiles/CMakeTmp

Run Build Command:/usr/bin/gmake "cmTryCompileExec4174651019/fast"
/usr/bin/gmake -f CMakeFiles/cmTryCompileExec4174651019.dir/build.make CMakeFiles/cmTryCompileExec4174651019.dir/build
gmake[1]: Entering directory `/uboone/app/users/dcianci/DLLEESensitivity/whipping_star/CMakeFiles/CMakeTmp'
/cvmfs/fermilab.opensciencegrid.org/products/larsoft/cmake/v2_8_8/Linux64bit+2.6-2.12/bin/cmake -E cmake_progress_report /uboone/app/users/dcianci/DLLEESensitivity/whipping_star/CMakeFiles/CMakeTmp/CMakeFiles 1
Building C object CMakeFiles/cmTryCompileExec4174651019.dir/CMakeCCompilerABI.c.o
/cvmfs/fermilab.opensciencegrid.org/products/larsoft/gcc/v6_3_0/Linux64bit+2.6-2.12/bin/gcc    -o CMakeFiles/cmTryCompileExec4174651019.dir/CMakeCCompilerABI.c.o   -c /cvmfs/fermilab.opensciencegrid.org/products/larsoft/cmake/v2_8_8/Linux64bit+2.6-2.12/share/cmake-2.8/Modules/CMakeCCompilerABI.c
Linking C executable cmTryCompileExec4174651019
/cvmfs/fermilab.opensciencegrid.org/products/larsoft/cmake/v2_8_8/Linux64bit+2.6-2.12/bin/cmake -E cmake_link_script CMakeFiles/cmTryCompileExec4174651019.dir/link.txt --verbose=1
/cvmfs/fermilab.opensciencegrid.org/products/larsoft/gcc/v6_3_0/Linux64bit+2.6-2.12/bin/gcc       -v CMakeFiles/cmTryCompileExec4174651019.dir/CMakeCCompilerABI.c.o  -o cmTryCompileExec4174651019 -rdynamic  
Using built-in specs.
COLLECT_GCC=/cvmfs/fermilab.opensciencegrid.org/products/larsoft/gcc/v6_3_0/Linux64bit+2.6-2.12/bin/gcc
COLLECT_LTO_WRAPPER=/cvmfs/fermilab.opensciencegrid.org/products/larsoft/gcc/v6_3_0/Linux64bit+2.6-2.12/bin/../libexec/gcc/x86_64-pc-linux-gnu/6.3.0/lto-wrapper
Target: x86_64-pc-linux-gnu
Configured with: ./configure --prefix=/scratch/workspace/art-build-base/v6_3_0/SLF6/build/gcc/v6_3_0/Linux64bit+2.6-2.12 --disable-libgcj --enable-threads=posix --enable-__cxa_atexit --enable-languages=c,c++,fortran,lto --with-system-zlib --enable-libstdcxx-time=rt --enable-stage1-checking=yes --enable-checking=release --enable-lto --enable-plugin
Thread model: posix
gcc version 6.3.0 (GCC) 
COMPILER_PATH=/cvmfs/fermilab.opensciencegrid.org/products/larsoft/gcc/v6_3_0/Linux64bit+2.6-2.12/bin/../libexec/gcc/x86_64-pc-linux-gnu/6.3.0/:/cvmfs/fermilab.opensciencegrid.org/products/larsoft/gcc/v6_3_0/Linux64bit+2.6-2.12/bin/../libexec/gcc/:/cvmfs/fermilab.opensciencegrid.org/products/larsoft/gcc/v6_3_0/Linux64bit+2.6-2.12/bin/
LIBRARY_PATH=/cvmfs/fermilab.opensciencegrid.org/products/larsoft/gcc/v6_3_0/Linux64bit+2.6-2.12/bin/../lib/gcc/x86_64-pc-linux-gnu/6.3.0/:/cvmfs/fermilab.opensciencegrid.org/products/larsoft/gcc/v6_3_0/Linux64bit+2.6-2.12/bin/../lib/gcc/:/cvmfs/fermilab.opensciencegrid.org/products/larsoft/gcc/v6_3_0/Linux64bit+2.6-2.12/bin/../lib/gcc/x86_64-pc-linux-gnu/6.3.0/../../../../lib64/:/lib/../lib64/:/usr/lib/../lib64/:/cvmfs/fermilab.opensciencegrid.org/products/larsoft/gcc/v6_3_0/Linux64bit+2.6-2.12/bin/../lib/gcc/x86_64-pc-linux-gnu/6.3.0/../../../:/lib/:/usr/lib/
COLLECT_GCC_OPTIONS='-v' '-o' 'cmTryCompileExec4174651019' '-rdynamic' '-mtune=generic' '-march=x86-64'
 /cvmfs/fermilab.opensciencegrid.org/products/larsoft/gcc/v6_3_0/Linux64bit+2.6-2.12/bin/../libexec/gcc/x86_64-pc-linux-gnu/6.3.0/collect2 --eh-frame-hdr -m elf_x86_64 -export-dynamic -dynamic-linker /lib64/ld-linux-x86-64.so.2 -o cmTryCompileExec4174651019 /usr/lib/../lib64/crt1.o /usr/lib/../lib64/crti.o /cvmfs/fermilab.opensciencegrid.org/products/larsoft/gcc/v6_3_0/Linux64bit+2.6-2.12/bin/../lib/gcc/x86_64-pc-linux-gnu/6.3.0/crtbegin.o -L/cvmfs/fermilab.opensciencegrid.org/products/larsoft/gcc/v6_3_0/Linux64bit+2.6-2.12/bin/../lib/gcc/x86_64-pc-linux-gnu/6.3.0 -L/cvmfs/fermilab.opensciencegrid.org/products/larsoft/gcc/v6_3_0/Linux64bit+2.6-2.12/bin/../lib/gcc -L/cvmfs/fermilab.opensciencegrid.org/products/larsoft/gcc/v6_3_0/Linux64bit+2.6-2.12/bin/../lib/gcc/x86_64-pc-linux-gnu/6.3.0/../../../../lib64 -L/lib/../lib64 -L/usr/lib/../lib64 -L/cvmfs/fermilab.opensciencegrid.org/products/larsoft/gcc/v6_3_0/Linux64bit+2.6-2.12/bin/../lib/gcc/x86_64-pc-linux-gnu/6.3.0/../../.. CMakeFiles/cmTryCompileExec4174651019.dir/CMakeCCompilerABI.c.o -lgcc --as-needed -lgcc_s --no-as-needed -lc -lgcc --as-needed -lgcc_s --no-as-needed /cvmfs/fermilab.opensciencegrid.org/products/larsoft/gcc/v6_3_0/Linux64bit+2.6-2.12/bin/../lib/gcc/x86_64-pc-linux-gnu/6.3.0/crtend.o /usr/lib/../lib64/crtn.o
COLLECT_GCC_OPTIONS='-v' '-o' 'cmTryCompileExec4174651019' '-rdynamic' '-mtune=generic' '-march=x86-64'
gmake[1]: Leaving directory `/uboone/app/users/dcianci/DLLEESensitivity/whipping_star/CMakeFiles/CMakeTmp'


Parsed C implicit link information from above output:
  link line regex: [^( *|.*[/\])(ld|ld|collect2)[^/\]*( |$)]
  ignore line: [Change Dir: /uboone/app/users/dcianci/DLLEESensitivity/whipping_star/CMakeFiles/CMakeTmp]
  ignore line: []
  ignore line: [Run Build Command:/usr/bin/gmake "cmTryCompileExec4174651019/fast"]
  ignore line: [/usr/bin/gmake -f CMakeFiles/cmTryCompileExec4174651019.dir/build.make CMakeFiles/cmTryCompileExec4174651019.dir/build]
  ignore line: [gmake[1]: Entering directory `/uboone/app/users/dcianci/DLLEESensitivity/whipping_star/CMakeFiles/CMakeTmp']
  ignore line: [/cvmfs/fermilab.opensciencegrid.org/products/larsoft/cmake/v2_8_8/Linux64bit+2.6-2.12/bin/cmake -E cmake_progress_report /uboone/app/users/dcianci/DLLEESensitivity/whipping_star/CMakeFiles/CMakeTmp/CMakeFiles 1]
  ignore line: [Building C object CMakeFiles/cmTryCompileExec4174651019.dir/CMakeCCompilerABI.c.o]
  ignore line: [/cvmfs/fermilab.opensciencegrid.org/products/larsoft/gcc/v6_3_0/Linux64bit+2.6-2.12/bin/gcc    -o CMakeFiles/cmTryCompileExec4174651019.dir/CMakeCCompilerABI.c.o   -c /cvmfs/fermilab.opensciencegrid.org/products/larsoft/cmake/v2_8_8/Linux64bit+2.6-2.12/share/cmake-2.8/Modules/CMakeCCompilerABI.c]
  ignore line: [Linking C executable cmTryCompileExec4174651019]
  ignore line: [/cvmfs/fermilab.opensciencegrid.org/products/larsoft/cmake/v2_8_8/Linux64bit+2.6-2.12/bin/cmake -E cmake_link_script CMakeFiles/cmTryCompileExec4174651019.dir/link.txt --verbose=1]
  ignore line: [/cvmfs/fermilab.opensciencegrid.org/products/larsoft/gcc/v6_3_0/Linux64bit+2.6-2.12/bin/gcc       -v CMakeFiles/cmTryCompileExec4174651019.dir/CMakeCCompilerABI.c.o  -o cmTryCompileExec4174651019 -rdynamic  ]
  ignore line: [Using built-in specs.]
  ignore line: [COLLECT_GCC=/cvmfs/fermilab.opensciencegrid.org/products/larsoft/gcc/v6_3_0/Linux64bit+2.6-2.12/bin/gcc]
  ignore line: [COLLECT_LTO_WRAPPER=/cvmfs/fermilab.opensciencegrid.org/products/larsoft/gcc/v6_3_0/Linux64bit+2.6-2.12/bin/../libexec/gcc/x86_64-pc-linux-gnu/6.3.0/lto-wrapper]
  ignore line: [Target: x86_64-pc-linux-gnu]
  ignore line: [Configured with: ./configure --prefix=/scratch/workspace/art-build-base/v6_3_0/SLF6/build/gcc/v6_3_0/Linux64bit+2.6-2.12 --disable-libgcj --enable-threads=posix --enable-__cxa_atexit --enable-languages=c,c++,fortran,lto --with-system-zlib --enable-libstdcxx-time=rt --enable-stage1-checking=yes --enable-checking=release --enable-lto --enable-plugin]
  ignore line: [Thread model: posix]
  ignore line: [gcc version 6.3.0 (GCC) ]
  ignore line: [COMPILER_PATH=/cvmfs/fermilab.opensciencegrid.org/products/larsoft/gcc/v6_3_0/Linux64bit+2.6-2.12/bin/../libexec/gcc/x86_64-pc-linux-gnu/6.3.0/:/cvmfs/fermilab.opensciencegrid.org/products/larsoft/gcc/v6_3_0/Linux64bit+2.6-2.12/bin/../libexec/gcc/:/cvmfs/fermilab.opensciencegrid.org/products/larsoft/gcc/v6_3_0/Linux64bit+2.6-2.12/bin/]
  ignore line: [LIBRARY_PATH=/cvmfs/fermilab.opensciencegrid.org/products/larsoft/gcc/v6_3_0/Linux64bit+2.6-2.12/bin/../lib/gcc/x86_64-pc-linux-gnu/6.3.0/:/cvmfs/fermilab.opensciencegrid.org/products/larsoft/gcc/v6_3_0/Linux64bit+2.6-2.12/bin/../lib/gcc/:/cvmfs/fermilab.opensciencegrid.org/products/larsoft/gcc/v6_3_0/Linux64bit+2.6-2.12/bin/../lib/gcc/x86_64-pc-linux-gnu/6.3.0/../../../../lib64/:/lib/../lib64/:/usr/lib/../lib64/:/cvmfs/fermilab.opensciencegrid.org/products/larsoft/gcc/v6_3_0/Linux64bit+2.6-2.12/bin/../lib/gcc/x86_64-pc-linux-gnu/6.3.0/../../../:/lib/:/usr/lib/]
  ignore line: [COLLECT_GCC_OPTIONS='-v' '-o' 'cmTryCompileExec4174651019' '-rdynamic' '-mtune=generic' '-march=x86-64']
  link line: [ /cvmfs/fermilab.opensciencegrid.org/products/larsoft/gcc/v6_3_0/Linux64bit+2.6-2.12/bin/../libexec/gcc/x86_64-pc-linux-gnu/6.3.0/collect2 --eh-frame-hdr -m elf_x86_64 -export-dynamic -dynamic-linker /lib64/ld-linux-x86-64.so.2 -o cmTryCompileExec4174651019 /usr/lib/../lib64/crt1.o /usr/lib/../lib64/crti.o /cvmfs/fermilab.opensciencegrid.org/products/larsoft/gcc/v6_3_0/Linux64bit+2.6-2.12/bin/../lib/gcc/x86_64-pc-linux-gnu/6.3.0/crtbegin.o -L/cvmfs/fermilab.opensciencegrid.org/products/larsoft/gcc/v6_3_0/Linux64bit+2.6-2.12/bin/../lib/gcc/x86_64-pc-linux-gnu/6.3.0 -L/cvmfs/fermilab.opensciencegrid.org/products/larsoft/gcc/v6_3_0/Linux64bit+2.6-2.12/bin/../lib/gcc -L/cvmfs/fermilab.opensciencegrid.org/products/larsoft/gcc/v6_3_0/Linux64bit+2.6-2.12/bin/../lib/gcc/x86_64-pc-linux-gnu/6.3.0/../../../../lib64 -L/lib/../lib64 -L/usr/lib/../lib64 -L/cvmfs/fermilab.opensciencegrid.org/products/larsoft/gcc/v6_3_0/Linux64bit+2.6-2.12/bin/../lib/gcc/x86_64-pc-linux-gnu/6.3.0/../../.. CMakeFiles/cmTryCompileExec4174651019.dir/CMakeCCompilerABI.c.o -lgcc --as-needed -lgcc_s --no-as-needed -lc -lgcc --as-needed -lgcc_s --no-as-needed /cvmfs/fermilab.opensciencegrid.org/products/larsoft/gcc/v6_3_0/Linux64bit+2.6-2.12/bin/../lib/gcc/x86_64-pc-linux-gnu/6.3.0/crtend.o /usr/lib/../lib64/crtn.o]
    arg [/cvmfs/fermilab.opensciencegrid.org/products/larsoft/gcc/v6_3_0/Linux64bit+2.6-2.12/bin/../libexec/gcc/x86_64-pc-linux-gnu/6.3.0/collect2] ==> ignore
    arg [--eh-frame-hdr] ==> ignore
    arg [-m] ==> ignore
    arg [elf_x86_64] ==> ignore
    arg [-export-dynamic] ==> ignore
    arg [-dynamic-linker] ==> ignore
    arg [/lib64/ld-linux-x86-64.so.2] ==> ignore
    arg [-o] ==> ignore
    arg [cmTryCompileExec4174651019] ==> ignore
    arg [/usr/lib/../lib64/crt1.o] ==> ignore
    arg [/usr/lib/../lib64/crti.o] ==> ignore
    arg [/cvmfs/fermilab.opensciencegrid.org/products/larsoft/gcc/v6_3_0/Linux64bit+2.6-2.12/bin/../lib/gcc/x86_64-pc-linux-gnu/6.3.0/crtbegin.o] ==> ignore
    arg [-L/cvmfs/fermilab.opensciencegrid.org/products/larsoft/gcc/v6_3_0/Linux64bit+2.6-2.12/bin/../lib/gcc/x86_64-pc-linux-gnu/6.3.0] ==> dir [/cvmfs/fermilab.opensciencegrid.org/products/larsoft/gcc/v6_3_0/Linux64bit+2.6-2.12/bin/../lib/gcc/x86_64-pc-linux-gnu/6.3.0]
    arg [-L/cvmfs/fermilab.opensciencegrid.org/products/larsoft/gcc/v6_3_0/Linux64bit+2.6-2.12/bin/../lib/gcc] ==> dir [/cvmfs/fermilab.opensciencegrid.org/products/larsoft/gcc/v6_3_0/Linux64bit+2.6-2.12/bin/../lib/gcc]
    arg [-L/cvmfs/fermilab.opensciencegrid.org/products/larsoft/gcc/v6_3_0/Linux64bit+2.6-2.12/bin/../lib/gcc/x86_64-pc-linux-gnu/6.3.0/../../../../lib64] ==> dir [/cvmfs/fermilab.opensciencegrid.org/products/larsoft/gcc/v6_3_0/Linux64bit+2.6-2.12/bin/../lib/gcc/x86_64-pc-linux-gnu/6.3.0/../../../../lib64]
    arg [-L/lib/../lib64] ==> dir [/lib/../lib64]
    arg [-L/usr/lib/../lib64] ==> dir [/usr/lib/../lib64]
    arg [-L/cvmfs/fermilab.opensciencegrid.org/products/larsoft/gcc/v6_3_0/Linux64bit+2.6-2.12/bin/../lib/gcc/x86_64-pc-linux-gnu/6.3.0/../../..] ==> dir [/cvmfs/fermilab.opensciencegrid.org/products/larsoft/gcc/v6_3_0/Linux64bit+2.6-2.12/bin/../lib/gcc/x86_64-pc-linux-gnu/6.3.0/../../..]
    arg [CMakeFiles/cmTryCompileExec4174651019.dir/CMakeCCompilerABI.c.o] ==> ignore
    arg [-lgcc] ==> lib [gcc]
    arg [--as-needed] ==> ignore
    arg [-lgcc_s] ==> lib [gcc_s]
    arg [--no-as-needed] ==> ignore
    arg [-lc] ==> lib [c]
    arg [-lgcc] ==> lib [gcc]
    arg [--as-needed] ==> ignore
    arg [-lgcc_s] ==> lib [gcc_s]
    arg [--no-as-needed] ==> ignore
    arg [/cvmfs/fermilab.opensciencegrid.org/products/larsoft/gcc/v6_3_0/Linux64bit+2.6-2.12/bin/../lib/gcc/x86_64-pc-linux-gnu/6.3.0/crtend.o] ==> ignore
    arg [/usr/lib/../lib64/crtn.o] ==> ignore
  remove lib [gcc]
  remove lib [gcc_s]
  remove lib [gcc]
  remove lib [gcc_s]
  collapse dir [/cvmfs/fermilab.opensciencegrid.org/products/larsoft/gcc/v6_3_0/Linux64bit+2.6-2.12/bin/../lib/gcc/x86_64-pc-linux-gnu/6.3.0] ==> [/cvmfs/fermilab.opensciencegrid.org/products/larsoft/gcc/v6_3_0/Linux64bit+2.6-2.12/lib/gcc/x86_64-pc-linux-gnu/6.3.0]
  collapse dir [/cvmfs/fermilab.opensciencegrid.org/products/larsoft/gcc/v6_3_0/Linux64bit+2.6-2.12/bin/../lib/gcc] ==> [/cvmfs/fermilab.opensciencegrid.org/products/larsoft/gcc/v6_3_0/Linux64bit+2.6-2.12/lib/gcc]
  collapse dir [/cvmfs/fermilab.opensciencegrid.org/products/larsoft/gcc/v6_3_0/Linux64bit+2.6-2.12/bin/../lib/gcc/x86_64-pc-linux-gnu/6.3.0/../../../../lib64] ==> [/cvmfs/fermilab.opensciencegrid.org/products/larsoft/gcc/v6_3_0/Linux64bit+2.6-2.12/lib64]
  collapse dir [/lib/../lib64] ==> [/lib64]
  collapse dir [/usr/lib/../lib64] ==> [/usr/lib64]
  collapse dir [/cvmfs/fermilab.opensciencegrid.org/products/larsoft/gcc/v6_3_0/Linux64bit+2.6-2.12/bin/../lib/gcc/x86_64-pc-linux-gnu/6.3.0/../../..] ==> [/cvmfs/fermilab.opensciencegrid.org/products/larsoft/gcc/v6_3_0/Linux64bit+2.6-2.12/lib]
  implicit libs: [c]
  implicit dirs: [/cvmfs/fermilab.opensciencegrid.org/products/larsoft/gcc/v6_3_0/Linux64bit+2.6-2.12/lib/gcc/x86_64-pc-linux-gnu/6.3.0;/cvmfs/fermilab.opensciencegrid.org/products/larsoft/gcc/v6_3_0/Linux64bit+2.6-2.12/lib/gcc;/cvmfs/fermilab.opensciencegrid.org/products/larsoft/gcc/v6_3_0/Linux64bit+2.6-2.12/lib64;/lib64;/usr/lib64;/cvmfs/fermilab.opensciencegrid.org/products/larsoft/gcc/v6_3_0/Linux64bit+2.6-2.12/lib]


Determining if the CXX compiler works passed with the following output:
Change Dir: /uboone/app/users/dcianci/DLLEESensitivity/whipping_star/CMakeFiles/CMakeTmp

Run Build Command:/usr/bin/gmake "cmTryCompileExec2984912439/fast"
/usr/bin/gmake -f CMakeFiles/cmTryCompileExec2984912439.dir/build.make CMakeFiles/cmTryCompileExec2984912439.dir/build
gmake[1]: Entering directory `/uboone/app/users/dcianci/DLLEESensitivity/whipping_star/CMakeFiles/CMakeTmp'
/cvmfs/fermilab.opensciencegrid.org/products/larsoft/cmake/v2_8_8/Linux64bit+2.6-2.12/bin/cmake -E cmake_progress_report /uboone/app/users/dcianci/DLLEESensitivity/whipping_star/CMakeFiles/CMakeTmp/CMakeFiles 1
Building CXX object CMakeFiles/cmTryCompileExec2984912439.dir/testCXXCompiler.cxx.o
/cvmfs/fermilab.opensciencegrid.org/products/larsoft/gcc/v6_3_0/Linux64bit+2.6-2.12/bin/c++     -o CMakeFiles/cmTryCompileExec2984912439.dir/testCXXCompiler.cxx.o -c /uboone/app/users/dcianci/DLLEESensitivity/whipping_star/CMakeFiles/CMakeTmp/testCXXCompiler.cxx
Linking CXX executable cmTryCompileExec2984912439
/cvmfs/fermilab.opensciencegrid.org/products/larsoft/cmake/v2_8_8/Linux64bit+2.6-2.12/bin/cmake -E cmake_link_script CMakeFiles/cmTryCompileExec2984912439.dir/link.txt --verbose=1
/cvmfs/fermilab.opensciencegrid.org/products/larsoft/gcc/v6_3_0/Linux64bit+2.6-2.12/bin/c++          CMakeFiles/cmTryCompileExec2984912439.dir/testCXXCompiler.cxx.o  -o cmTryCompileExec2984912439 -rdynamic 
gmake[1]: Leaving directory `/uboone/app/users/dcianci/DLLEESensitivity/whipping_star/CMakeFiles/CMakeTmp'


Detecting CXX compiler ABI info compiled with the following output:
Change Dir: /uboone/app/users/dcianci/DLLEESensitivity/whipping_star/CMakeFiles/CMakeTmp

Run Build Command:/usr/bin/gmake "cmTryCompileExec2215515560/fast"
/usr/bin/gmake -f CMakeFiles/cmTryCompileExec2215515560.dir/build.make CMakeFiles/cmTryCompileExec2215515560.dir/build
gmake[1]: Entering directory `/uboone/app/users/dcianci/DLLEESensitivity/whipping_star/CMakeFiles/CMakeTmp'
/cvmfs/fermilab.opensciencegrid.org/products/larsoft/cmake/v2_8_8/Linux64bit+2.6-2.12/bin/cmake -E cmake_progress_report /uboone/app/users/dcianci/DLLEESensitivity/whipping_star/CMakeFiles/CMakeTmp/CMakeFiles 1
Building CXX object CMakeFiles/cmTryCompileExec2215515560.dir/CMakeCXXCompilerABI.cpp.o
/cvmfs/fermilab.opensciencegrid.org/products/larsoft/gcc/v6_3_0/Linux64bit+2.6-2.12/bin/c++     -o CMakeFiles/cmTryCompileExec2215515560.dir/CMakeCXXCompilerABI.cpp.o -c /cvmfs/fermilab.opensciencegrid.org/products/larsoft/cmake/v2_8_8/Linux64bit+2.6-2.12/share/cmake-2.8/Modules/CMakeCXXCompilerABI.cpp
Linking CXX executable cmTryCompileExec2215515560
/cvmfs/fermilab.opensciencegrid.org/products/larsoft/cmake/v2_8_8/Linux64bit+2.6-2.12/bin/cmake -E cmake_link_script CMakeFiles/cmTryCompileExec2215515560.dir/link.txt --verbose=1
/cvmfs/fermilab.opensciencegrid.org/products/larsoft/gcc/v6_3_0/Linux64bit+2.6-2.12/bin/c++        -v CMakeFiles/cmTryCompileExec2215515560.dir/CMakeCXXCompilerABI.cpp.o  -o cmTryCompileExec2215515560 -rdynamic  
Using built-in specs.
COLLECT_GCC=/cvmfs/fermilab.opensciencegrid.org/products/larsoft/gcc/v6_3_0/Linux64bit+2.6-2.12/bin/c++
COLLECT_LTO_WRAPPER=/cvmfs/fermilab.opensciencegrid.org/products/larsoft/gcc/v6_3_0/Linux64bit+2.6-2.12/bin/../libexec/gcc/x86_64-pc-linux-gnu/6.3.0/lto-wrapper
Target: x86_64-pc-linux-gnu
Configured with: ./configure --prefix=/scratch/workspace/art-build-base/v6_3_0/SLF6/build/gcc/v6_3_0/Linux64bit+2.6-2.12 --disable-libgcj --enable-threads=posix --enable-__cxa_atexit --enable-languages=c,c++,fortran,lto --with-system-zlib --enable-libstdcxx-time=rt --enable-stage1-checking=yes --enable-checking=release --enable-lto --enable-plugin
Thread model: posix
gcc version 6.3.0 (GCC) 
COMPILER_PATH=/cvmfs/fermilab.opensciencegrid.org/products/larsoft/gcc/v6_3_0/Linux64bit+2.6-2.12/bin/../libexec/gcc/x86_64-pc-linux-gnu/6.3.0/:/cvmfs/fermilab.opensciencegrid.org/products/larsoft/gcc/v6_3_0/Linux64bit+2.6-2.12/bin/../libexec/gcc/:/cvmfs/fermilab.opensciencegrid.org/products/larsoft/gcc/v6_3_0/Linux64bit+2.6-2.12/bin/
LIBRARY_PATH=/cvmfs/fermilab.opensciencegrid.org/products/larsoft/gcc/v6_3_0/Linux64bit+2.6-2.12/bin/../lib/gcc/x86_64-pc-linux-gnu/6.3.0/:/cvmfs/fermilab.opensciencegrid.org/products/larsoft/gcc/v6_3_0/Linux64bit+2.6-2.12/bin/../lib/gcc/:/cvmfs/fermilab.opensciencegrid.org/products/larsoft/gcc/v6_3_0/Linux64bit+2.6-2.12/bin/../lib/gcc/x86_64-pc-linux-gnu/6.3.0/../../../../lib64/:/lib/../lib64/:/usr/lib/../lib64/:/cvmfs/fermilab.opensciencegrid.org/products/larsoft/gcc/v6_3_0/Linux64bit+2.6-2.12/bin/../lib/gcc/x86_64-pc-linux-gnu/6.3.0/../../../:/lib/:/usr/lib/
COLLECT_GCC_OPTIONS='-v' '-o' 'cmTryCompileExec2215515560' '-rdynamic' '-shared-libgcc' '-mtune=generic' '-march=x86-64'
 /cvmfs/fermilab.opensciencegrid.org/products/larsoft/gcc/v6_3_0/Linux64bit+2.6-2.12/bin/../libexec/gcc/x86_64-pc-linux-gnu/6.3.0/collect2 --eh-frame-hdr -m elf_x86_64 -export-dynamic -dynamic-linker /lib64/ld-linux-x86-64.so.2 -o cmTryCompileExec2215515560 /usr/lib/../lib64/crt1.o /usr/lib/../lib64/crti.o /cvmfs/fermilab.opensciencegrid.org/products/larsoft/gcc/v6_3_0/Linux64bit+2.6-2.12/bin/../lib/gcc/x86_64-pc-linux-gnu/6.3.0/crtbegin.o -L/cvmfs/fermilab.opensciencegrid.org/products/larsoft/gcc/v6_3_0/Linux64bit+2.6-2.12/bin/../lib/gcc/x86_64-pc-linux-gnu/6.3.0 -L/cvmfs/fermilab.opensciencegrid.org/products/larsoft/gcc/v6_3_0/Linux64bit+2.6-2.12/bin/../lib/gcc -L/cvmfs/fermilab.opensciencegrid.org/products/larsoft/gcc/v6_3_0/Linux64bit+2.6-2.12/bin/../lib/gcc/x86_64-pc-linux-gnu/6.3.0/../../../../lib64 -L/lib/../lib64 -L/usr/lib/../lib64 -L/cvmfs/fermilab.opensciencegrid.org/products/larsoft/gcc/v6_3_0/Linux64bit+2.6-2.12/bin/../lib/gcc/x86_64-pc-linux-gnu/6.3.0/../../.. CMakeFiles/cmTryCompileExec2215515560.dir/CMakeCXXCompilerABI.cpp.o -lstdc++ -lm -lgcc_s -lgcc -lc -lgcc_s -lgcc /cvmfs/fermilab.opensciencegrid.org/products/larsoft/gcc/v6_3_0/Linux64bit+2.6-2.12/bin/../lib/gcc/x86_64-pc-linux-gnu/6.3.0/crtend.o /usr/lib/../lib64/crtn.o
COLLECT_GCC_OPTIONS='-v' '-o' 'cmTryCompileExec2215515560' '-rdynamic' '-shared-libgcc' '-mtune=generic' '-march=x86-64'
gmake[1]: Leaving directory `/uboone/app/users/dcianci/DLLEESensitivity/whipping_star/CMakeFiles/CMakeTmp'


Parsed CXX implicit link information from above output:
  link line regex: [^( *|.*[/\])(ld|ld|collect2)[^/\]*( |$)]
  ignore line: [Change Dir: /uboone/app/users/dcianci/DLLEESensitivity/whipping_star/CMakeFiles/CMakeTmp]
  ignore line: []
  ignore line: [Run Build Command:/usr/bin/gmake "cmTryCompileExec2215515560/fast"]
  ignore line: [/usr/bin/gmake -f CMakeFiles/cmTryCompileExec2215515560.dir/build.make CMakeFiles/cmTryCompileExec2215515560.dir/build]
  ignore line: [gmake[1]: Entering directory `/uboone/app/users/dcianci/DLLEESensitivity/whipping_star/CMakeFiles/CMakeTmp']
  ignore line: [/cvmfs/fermilab.opensciencegrid.org/products/larsoft/cmake/v2_8_8/Linux64bit+2.6-2.12/bin/cmake -E cmake_progress_report /uboone/app/users/dcianci/DLLEESensitivity/whipping_star/CMakeFiles/CMakeTmp/CMakeFiles 1]
  ignore line: [Building CXX object CMakeFiles/cmTryCompileExec2215515560.dir/CMakeCXXCompilerABI.cpp.o]
  ignore line: [/cvmfs/fermilab.opensciencegrid.org/products/larsoft/gcc/v6_3_0/Linux64bit+2.6-2.12/bin/c++     -o CMakeFiles/cmTryCompileExec2215515560.dir/CMakeCXXCompilerABI.cpp.o -c /cvmfs/fermilab.opensciencegrid.org/products/larsoft/cmake/v2_8_8/Linux64bit+2.6-2.12/share/cmake-2.8/Modules/CMakeCXXCompilerABI.cpp]
  ignore line: [Linking CXX executable cmTryCompileExec2215515560]
  ignore line: [/cvmfs/fermilab.opensciencegrid.org/products/larsoft/cmake/v2_8_8/Linux64bit+2.6-2.12/bin/cmake -E cmake_link_script CMakeFiles/cmTryCompileExec2215515560.dir/link.txt --verbose=1]
  ignore line: [/cvmfs/fermilab.opensciencegrid.org/products/larsoft/gcc/v6_3_0/Linux64bit+2.6-2.12/bin/c++        -v CMakeFiles/cmTryCompileExec2215515560.dir/CMakeCXXCompilerABI.cpp.o  -o cmTryCompileExec2215515560 -rdynamic  ]
  ignore line: [Using built-in specs.]
  ignore line: [COLLECT_GCC=/cvmfs/fermilab.opensciencegrid.org/products/larsoft/gcc/v6_3_0/Linux64bit+2.6-2.12/bin/c++]
  ignore line: [COLLECT_LTO_WRAPPER=/cvmfs/fermilab.opensciencegrid.org/products/larsoft/gcc/v6_3_0/Linux64bit+2.6-2.12/bin/../libexec/gcc/x86_64-pc-linux-gnu/6.3.0/lto-wrapper]
  ignore line: [Target: x86_64-pc-linux-gnu]
  ignore line: [Configured with: ./configure --prefix=/scratch/workspace/art-build-base/v6_3_0/SLF6/build/gcc/v6_3_0/Linux64bit+2.6-2.12 --disable-libgcj --enable-threads=posix --enable-__cxa_atexit --enable-languages=c,c++,fortran,lto --with-system-zlib --enable-libstdcxx-time=rt --enable-stage1-checking=yes --enable-checking=release --enable-lto --enable-plugin]
  ignore line: [Thread model: posix]
  ignore line: [gcc version 6.3.0 (GCC) ]
  ignore line: [COMPILER_PATH=/cvmfs/fermilab.opensciencegrid.org/products/larsoft/gcc/v6_3_0/Linux64bit+2.6-2.12/bin/../libexec/gcc/x86_64-pc-linux-gnu/6.3.0/:/cvmfs/fermilab.opensciencegrid.org/products/larsoft/gcc/v6_3_0/Linux64bit+2.6-2.12/bin/../libexec/gcc/:/cvmfs/fermilab.opensciencegrid.org/products/larsoft/gcc/v6_3_0/Linux64bit+2.6-2.12/bin/]
  ignore line: [LIBRARY_PATH=/cvmfs/fermilab.opensciencegrid.org/products/larsoft/gcc/v6_3_0/Linux64bit+2.6-2.12/bin/../lib/gcc/x86_64-pc-linux-gnu/6.3.0/:/cvmfs/fermilab.opensciencegrid.org/products/larsoft/gcc/v6_3_0/Linux64bit+2.6-2.12/bin/../lib/gcc/:/cvmfs/fermilab.opensciencegrid.org/products/larsoft/gcc/v6_3_0/Linux64bit+2.6-2.12/bin/../lib/gcc/x86_64-pc-linux-gnu/6.3.0/../../../../lib64/:/lib/../lib64/:/usr/lib/../lib64/:/cvmfs/fermilab.opensciencegrid.org/products/larsoft/gcc/v6_3_0/Linux64bit+2.6-2.12/bin/../lib/gcc/x86_64-pc-linux-gnu/6.3.0/../../../:/lib/:/usr/lib/]
  ignore line: [COLLECT_GCC_OPTIONS='-v' '-o' 'cmTryCompileExec2215515560' '-rdynamic' '-shared-libgcc' '-mtune=generic' '-march=x86-64']
  link line: [ /cvmfs/fermilab.opensciencegrid.org/products/larsoft/gcc/v6_3_0/Linux64bit+2.6-2.12/bin/../libexec/gcc/x86_64-pc-linux-gnu/6.3.0/collect2 --eh-frame-hdr -m elf_x86_64 -export-dynamic -dynamic-linker /lib64/ld-linux-x86-64.so.2 -o cmTryCompileExec2215515560 /usr/lib/../lib64/crt1.o /usr/lib/../lib64/crti.o /cvmfs/fermilab.opensciencegrid.org/products/larsoft/gcc/v6_3_0/Linux64bit+2.6-2.12/bin/../lib/gcc/x86_64-pc-linux-gnu/6.3.0/crtbegin.o -L/cvmfs/fermilab.opensciencegrid.org/products/larsoft/gcc/v6_3_0/Linux64bit+2.6-2.12/bin/../lib/gcc/x86_64-pc-linux-gnu/6.3.0 -L/cvmfs/fermilab.opensciencegrid.org/products/larsoft/gcc/v6_3_0/Linux64bit+2.6-2.12/bin/../lib/gcc -L/cvmfs/fermilab.opensciencegrid.org/products/larsoft/gcc/v6_3_0/Linux64bit+2.6-2.12/bin/../lib/gcc/x86_64-pc-linux-gnu/6.3.0/../../../../lib64 -L/lib/../lib64 -L/usr/lib/../lib64 -L/cvmfs/fermilab.opensciencegrid.org/products/larsoft/gcc/v6_3_0/Linux64bit+2.6-2.12/bin/../lib/gcc/x86_64-pc-linux-gnu/6.3.0/../../.. CMakeFiles/cmTryCompileExec2215515560.dir/CMakeCXXCompilerABI.cpp.o -lstdc++ -lm -lgcc_s -lgcc -lc -lgcc_s -lgcc /cvmfs/fermilab.opensciencegrid.org/products/larsoft/gcc/v6_3_0/Linux64bit+2.6-2.12/bin/../lib/gcc/x86_64-pc-linux-gnu/6.3.0/crtend.o /usr/lib/../lib64/crtn.o]
    arg [/cvmfs/fermilab.opensciencegrid.org/products/larsoft/gcc/v6_3_0/Linux64bit+2.6-2.12/bin/../libexec/gcc/x86_64-pc-linux-gnu/6.3.0/collect2] ==> ignore
    arg [--eh-frame-hdr] ==> ignore
    arg [-m] ==> ignore
    arg [elf_x86_64] ==> ignore
    arg [-export-dynamic] ==> ignore
    arg [-dynamic-linker] ==> ignore
    arg [/lib64/ld-linux-x86-64.so.2] ==> ignore
    arg [-o] ==> ignore
    arg [cmTryCompileExec2215515560] ==> ignore
    arg [/usr/lib/../lib64/crt1.o] ==> ignore
    arg [/usr/lib/../lib64/crti.o] ==> ignore
    arg [/cvmfs/fermilab.opensciencegrid.org/products/larsoft/gcc/v6_3_0/Linux64bit+2.6-2.12/bin/../lib/gcc/x86_64-pc-linux-gnu/6.3.0/crtbegin.o] ==> ignore
    arg [-L/cvmfs/fermilab.opensciencegrid.org/products/larsoft/gcc/v6_3_0/Linux64bit+2.6-2.12/bin/../lib/gcc/x86_64-pc-linux-gnu/6.3.0] ==> dir [/cvmfs/fermilab.opensciencegrid.org/products/larsoft/gcc/v6_3_0/Linux64bit+2.6-2.12/bin/../lib/gcc/x86_64-pc-linux-gnu/6.3.0]
    arg [-L/cvmfs/fermilab.opensciencegrid.org/products/larsoft/gcc/v6_3_0/Linux64bit+2.6-2.12/bin/../lib/gcc] ==> dir [/cvmfs/fermilab.opensciencegrid.org/products/larsoft/gcc/v6_3_0/Linux64bit+2.6-2.12/bin/../lib/gcc]
    arg [-L/cvmfs/fermilab.opensciencegrid.org/products/larsoft/gcc/v6_3_0/Linux64bit+2.6-2.12/bin/../lib/gcc/x86_64-pc-linux-gnu/6.3.0/../../../../lib64] ==> dir [/cvmfs/fermilab.opensciencegrid.org/products/larsoft/gcc/v6_3_0/Linux64bit+2.6-2.12/bin/../lib/gcc/x86_64-pc-linux-gnu/6.3.0/../../../../lib64]
    arg [-L/lib/../lib64] ==> dir [/lib/../lib64]
    arg [-L/usr/lib/../lib64] ==> dir [/usr/lib/../lib64]
    arg [-L/cvmfs/fermilab.opensciencegrid.org/products/larsoft/gcc/v6_3_0/Linux64bit+2.6-2.12/bin/../lib/gcc/x86_64-pc-linux-gnu/6.3.0/../../..] ==> dir [/cvmfs/fermilab.opensciencegrid.org/products/larsoft/gcc/v6_3_0/Linux64bit+2.6-2.12/bin/../lib/gcc/x86_64-pc-linux-gnu/6.3.0/../../..]
    arg [CMakeFiles/cmTryCompileExec2215515560.dir/CMakeCXXCompilerABI.cpp.o] ==> ignore
    arg [-lstdc++] ==> lib [stdc++]
    arg [-lm] ==> lib [m]
    arg [-lgcc_s] ==> lib [gcc_s]
    arg [-lgcc] ==> lib [gcc]
    arg [-lc] ==> lib [c]
    arg [-lgcc_s] ==> lib [gcc_s]
    arg [-lgcc] ==> lib [gcc]
    arg [/cvmfs/fermilab.opensciencegrid.org/products/larsoft/gcc/v6_3_0/Linux64bit+2.6-2.12/bin/../lib/gcc/x86_64-pc-linux-gnu/6.3.0/crtend.o] ==> ignore
    arg [/usr/lib/../lib64/crtn.o] ==> ignore
  remove lib [gcc_s]
  remove lib [gcc]
  remove lib [gcc_s]
  remove lib [gcc]
  collapse dir [/cvmfs/fermilab.opensciencegrid.org/products/larsoft/gcc/v6_3_0/Linux64bit+2.6-2.12/bin/../lib/gcc/x86_64-pc-linux-gnu/6.3.0] ==> [/cvmfs/fermilab.opensciencegrid.org/products/larsoft/gcc/v6_3_0/Linux64bit+2.6-2.12/lib/gcc/x86_64-pc-linux-gnu/6.3.0]
  collapse dir [/cvmfs/fermilab.opensciencegrid.org/products/larsoft/gcc/v6_3_0/Linux64bit+2.6-2.12/bin/../lib/gcc] ==> [/cvmfs/fermilab.opensciencegrid.org/products/larsoft/gcc/v6_3_0/Linux64bit+2.6-2.12/lib/gcc]
  collapse dir [/cvmfs/fermilab.opensciencegrid.org/products/larsoft/gcc/v6_3_0/Linux64bit+2.6-2.12/bin/../lib/gcc/x86_64-pc-linux-gnu/6.3.0/../../../../lib64] ==> [/cvmfs/fermilab.opensciencegrid.org/products/larsoft/gcc/v6_3_0/Linux64bit+2.6-2.12/lib64]
  collapse dir [/lib/../lib64] ==> [/lib64]
  collapse dir [/usr/lib/../lib64] ==> [/usr/lib64]
  collapse dir [/cvmfs/fermilab.opensciencegrid.org/products/larsoft/gcc/v6_3_0/Linux64bit+2.6-2.12/bin/../lib/gcc/x86_64-pc-linux-gnu/6.3.0/../../..] ==> [/cvmfs/fermilab.opensciencegrid.org/products/larsoft/gcc/v6_3_0/Linux64bit+2.6-2.12/lib]
  implicit libs: [stdc++;m;c]
  implicit dirs: [/cvmfs/fermilab.opensciencegrid.org/products/larsoft/gcc/v6_3_0/Linux64bit+2.6-2.12/lib/gcc/x86_64-pc-linux-gnu/6.3.0;/cvmfs/fermilab.opensciencegrid.org/products/larsoft/gcc/v6_3_0/Linux64bit+2.6-2.12/lib/gcc;/cvmfs/fermilab.opensciencegrid.org/products/larsoft/gcc/v6_3_0/Linux64bit+2.6-2.12/lib64;/lib64;/usr/lib64;/cvmfs/fermilab.opensciencegrid.org/products/larsoft/gcc/v6_3_0/Linux64bit+2.6-2.12/lib]


